<?xml version="1.0" encoding="utf-8"?><testsuites name="pytest tests"><testsuite name="pytest" errors="0" failures="1" skipped="0" tests="26" time="131.948" timestamp="2026-08-29T22:03:16.019583+00:00" hostname="agent-env-9985dee0-dbd5-4026-a685-8d1e51c3d0fd"><testcase classname="tests.test_iteration3.TestCredits" name="test_renew_resets_balance" time="0.209" /><testcase classname="tests.test_iteration3.TestCredits" name="test_credits_decrease_per_mission" time="41.400" /><testcase classname="tests.test_iteration3.TestCredits" name="test_exhaustion_does_not_kill_mission" time="12.574" /><testcase classname="tests.test_iteration3.TestCredits" name="test_new_mission_still_runs_at_zero_credits" time="8.367" /><testcase classname="tests.test_iteration3.TestCredits" name="test_renew_after_exhaustion" time="0.057" /><testcase classname="tests.test_iteration3.TestWorkerDetail" name="test_drilldown_shape_for_all_agents" time="45.857" /><testcase classname="tests.test_iteration3.TestWorkerDetail" name="test_specialist_workers_have_actions" time="0.275" /><testcase classname="tests.test_iteration3.TestWorkerDetail" name="test_reviewer_drilldown_is_populated" time="0.054"><failure message="AssertionError: reviewer 'Reviewer' has EMPTY actions (timeline=8)&#10;assert []">tests/test_iteration3.py:197: in test_reviewer_drilldown_is_populated
    assert s["actions"], f"reviewer '{rev['role']}' has EMPTY actions (timeline={len(s['timeline'])})"
E   AssertionError: reviewer 'Reviewer' has EMPTY actions (timeline=8)
E   assert []</failure></testcase><testcase classname="tests.test_iteration3.TestWorkerDetail" name="test_flagged_worker_has_recovery" time="0.052" /><testcase classname="tests.test_iteration3.TestWorkerDetail" name="test_unknown_worker_404" time="0.054" /><testcase classname="tests.test_iteration3.TestProjects" name="test_default_demo_project" time="0.051" /><testcase classname="tests.test_iteration3.TestProjects" name="test_project_missions_are_scoped" time="0.228" /><testcase classname="tests.test_iteration3.TestProjects" name="test_missions_query_filter" time="0.142" /><testcase classname="tests.test_iteration3.TestProjects" name="test_unknown_project_returns_empty" time="0.052" /><testcase classname="tests.test_iteration3.TestLocalGenericMission" name="test_reaches_verified_in_local_mode" time="6.617" /><testcase classname="tests.test_iteration3.TestLocalGenericMission" name="test_dynamic_workforce_roles" time="0.000" /><testcase classname="tests.test_iteration3.TestLocalGenericMission" name="test_real_file_events" time="0.000" /><testcase classname="tests.test_iteration3.TestLocalGenericMission" name="test_artifact_lists_created_file" time="0.000" /><testcase classname="tests.test_iteration3.TestLocalGenericMission" name="test_summary_file_really_exists" time="0.053" /><testcase classname="tests.test_iteration3.TestLocalGenericMission" name="test_local_mission_project_is_local_kind" time="0.109" /><testcase classname="tests.test_iteration3.TestLocalGenericMission" name="test_generic_local_mission_credit_accounting" time="0.000" /><testcase classname="tests.test_iteration3.TestLocalMissionAtZeroCredits" name="test_real_files_still_created_without_credits" time="4.511" /><testcase classname="tests.test_iteration3.TestLocalOrganizeMission" name="test_organize_with_recovery" time="6.459" /><testcase classname="tests.test_iteration3.TestLocalOrganizeMission" name="test_rerun_is_idempotent" time="4.600" /><testcase classname="tests.test_iteration3.TestSandbox" name="test_path_traversal_rejected" time="0.002" /><testcase classname="tests.test_iteration3" name="test_zz_renew_credits_for_demo" time="0.069" /></testsuite></testsuites>