<?xml version="1.0" encoding="utf-8"?><testsuites name="pytest tests"><testsuite name="pytest" errors="0" failures="0" skipped="0" tests="22" time="55.153" timestamp="2026-08-29T18:54:34.984715+00:00" hostname="agent-env-9985dee0-dbd5-4026-a685-8d1e51c3d0fd"><testcase classname="tests.test_basics.TestBasics" name="test_health" time="0.225" /><testcase classname="tests.test_basics.TestBasics" name="test_examples" time="0.147" /><testcase classname="tests.test_basics.TestBasics" name="test_credits" time="0.099" /><testcase classname="tests.test_basics.TestBasics" name="test_safety_guard_blocks_unsafe_goal" time="0.081" /><testcase classname="tests.test_basics.TestBasics" name="test_short_goal_rejected" time="0.085" /><testcase classname="tests.test_basics.TestBasics" name="test_missing_goal_rejected" time="0.086" /><testcase classname="tests.test_basics.TestBasics" name="test_mission_not_found" time="0.083" /><testcase classname="tests.test_basics.TestBasics" name="test_list_missions" time="0.092" /><testcase classname="tests.test_basics.TestBasics" name="test_workforce_endpoint" time="0.105" /><testcase classname="tests.test_mission_lifecycle.TestMissionLifecycle" name="test_reaches_verified" time="34.633" /><testcase classname="tests.test_mission_lifecycle.TestMissionLifecycle" name="test_dynamic_workforce" time="0.000" /><testcase classname="tests.test_mission_lifecycle.TestMissionLifecycle" name="test_task_dag" time="0.000" /><testcase classname="tests.test_mission_lifecycle.TestMissionLifecycle" name="test_events_ordered" time="0.000" /><testcase classname="tests.test_mission_lifecycle.TestMissionLifecycle" name="test_deterministic_recovery" time="0.000" /><testcase classname="tests.test_mission_lifecycle.TestMissionLifecycle" name="test_parallel_execution" time="0.000" /><testcase classname="tests.test_mission_lifecycle.TestMissionLifecycle" name="test_artifact" time="0.000" /><testcase classname="tests.test_mission_lifecycle.TestMissionLifecycle" name="test_mission_persisted_in_list" time="0.079" /><testcase classname="tests.test_mission_lifecycle.TestMissionLifecycle" name="test_credits_deducted" time="0.082" /><testcase classname="tests.test_dynamic_workforce.TestDynamicWorkforce" name="test_both_verified" time="53.566" /><testcase classname="tests.test_dynamic_workforce.TestDynamicWorkforce" name="test_roles_differ" time="0.000" /><testcase classname="tests.test_dynamic_workforce.TestDynamicWorkforce" name="test_each_has_recovery" time="0.000" /><testcase classname="tests.test_dynamic_workforce.TestDynamicWorkforce" name="test_each_has_artifact" time="0.000" /></testsuite></testsuites>