<?xml version="1.0" encoding="utf-8"?><testsuites name="pytest tests"><testsuite name="pytest" errors="0" failures="13" skipped="0" tests="73" time="143.916" timestamp="2026-08-30T08:44:34.130773+00:00" hostname="agent-env-9985dee0-dbd5-4026-a685-8d1e51c3d0fd"><testcase classname="tests.test_basics.TestBasics" name="test_health" time="0.116" /><testcase classname="tests.test_basics.TestBasics" name="test_examples" time="0.048" /><testcase classname="tests.test_basics.TestBasics" name="test_credits" time="0.045"><failure message="KeyError: 'id'">tests/test_basics.py:24: in test_credits
    assert data["id"] == "default-user"
           ^^^^^^^^^^
E   KeyError: 'id'</failure></testcase><testcase classname="tests.test_basics.TestBasics" name="test_safety_guard_blocks_unsafe_goal" time="0.045" /><testcase classname="tests.test_basics.TestBasics" name="test_short_goal_rejected" time="0.045" /><testcase classname="tests.test_basics.TestBasics" name="test_missing_goal_rejected" time="0.082" /><testcase classname="tests.test_basics.TestBasics" name="test_mission_not_found" time="0.045" /><testcase classname="tests.test_basics.TestBasics" name="test_list_missions" time="0.065" /><testcase classname="tests.test_basics.TestBasics" name="test_workforce_endpoint" time="0.075" /><testcase classname="tests.test_billing_credits.TestRazorpay" name="test_config_exposes_key_id_not_secret" time="0.155" /><testcase classname="tests.test_billing_credits.TestRazorpay" name="test_create_order_pro_monthly" time="0.346" /><testcase classname="tests.test_billing_credits.TestRazorpay" name="test_create_order_business_yearly" time="0.318" /><testcase classname="tests.test_billing_credits.TestRazorpay" name="test_create_order_free_plan_rejected" time="0.086" /><testcase classname="tests.test_billing_credits.TestRazorpay" name="test_create_order_bad_billing_rejected" time="0.053" /><testcase classname="tests.test_billing_credits.TestRazorpay" name="test_verify_payment_bogus_signature_rejected_no_grant" time="0.448" /><testcase classname="tests.test_billing_credits.TestRazorpay" name="test_verify_payment_unknown_order_rejected" time="0.048" /><testcase classname="tests.test_iteration3.TestLocalGenericMission" name="test_reaches_verified_in_local_mode" time="4.415" /><testcase classname="tests.test_iteration3.TestLocalGenericMission" name="test_dynamic_workforce_roles" time="0.001"><failure message="AssertionError: missing Documentation Worker; got {'Code Agent', 'Mission Manager', 'QA Reviewer', 'Project Analyst'}&#10;assert 'Documentation Worker' in {'Code Agent', 'Mission Manager', 'Project Analyst', 'QA Reviewer'}">tests/test_iteration3.py:298: in test_dynamic_workforce_roles
    assert expected in roles, f"missing {expected}; got {roles}"
E   AssertionError: missing Documentation Worker; got {'Code Agent', 'Mission Manager', 'QA Reviewer', 'Project Analyst'}
E   assert 'Documentation Worker' in {'Code Agent', 'Mission Manager', 'Project Analyst', 'QA Reviewer'}</failure></testcase><testcase classname="tests.test_iteration3.TestLocalGenericMission" name="test_real_file_events" time="0.000" /><testcase classname="tests.test_iteration3.TestLocalGenericMission" name="test_artifact_lists_created_file" time="0.000" /><testcase classname="tests.test_iteration3.TestLocalGenericMission" name="test_summary_file_really_exists" time="0.043" /><testcase classname="tests.test_iteration3.TestLocalGenericMission" name="test_local_mission_project_is_local_kind" time="0.088" /><testcase classname="tests.test_iteration3.TestLocalGenericMission" name="test_generic_local_mission_credit_accounting" time="0.000" /><testcase classname="tests.test_local_runner.TestRunnerSession" name="test_demo_session_connected" time="0.121" /><testcase classname="tests.test_local_runner.TestRunnerSession" name="test_unknown_session_404" time="0.050" /><testcase classname="tests.test_local_runner.TestRunnerSession" name="test_approve" time="0.053" /><testcase classname="tests.test_local_runner.TestRunnerSession" name="test_pair_creates_waiting_session" time="0.193" /><testcase classname="tests.test_local_runner.TestRunnerSession" name="test_seed_demo_creates_real_files" time="0.115" /><testcase classname="tests.test_local_runner.TestRunnerSession" name="test_tree_endpoint" time="0.049" /><testcase classname="tests.test_local_runner.TestLocalMission" name="test_run_local_mission_to_verified" time="6.426" /><testcase classname="tests.test_local_runner.TestLocalMission" name="test_dynamic_filesystem_workforce" time="0.000" /><testcase classname="tests.test_local_runner.TestLocalMission" name="test_real_workspace_artifact" time="0.000" /><testcase classname="tests.test_local_runner.TestLocalMission" name="test_deterministic_recovery_events" time="0.000" /><testcase classname="tests.test_local_runner.TestLocalMission" name="test_workspace_clean_via_tree" time="0.053" /><testcase classname="tests.test_local_runner.TestLocalMission" name="test_local_mission_requires_approved_session" time="0.050" /><testcase classname="tests.test_iteration3.TestCredits" name="test_renew_resets_balance" time="0.126"><failure message="assert 10 == 500">tests/test_iteration3.py:102: in test_renew_resets_balance
    assert u["credits"] == STARTING_CREDITS
E   assert 10 == 500</failure></testcase><testcase classname="tests.test_iteration3.TestCredits" name="test_credits_decrease_per_mission" time="37.094"><failure message="AssertionError: credits_used must be &gt; 0 for a demo AI mission&#10;assert 0 &gt; 0">tests/test_iteration3.py:113: in test_credits_decrease_per_mission
    assert used &gt; 0, "credits_used must be &gt; 0 for a demo AI mission"
E   AssertionError: credits_used must be &gt; 0 for a demo AI mission
E   assert 0 &gt; 0</failure></testcase><testcase classname="tests.test_mission_lifecycle.TestMissionLifecycle" name="test_reaches_verified" time="43.029"><failure message="assert 0 &gt; 0">tests/test_mission_lifecycle.py:23: in test_reaches_verified
    assert m["credits_used"] &gt; 0
E   assert 0 &gt; 0</failure></testcase><testcase classname="tests.test_mission_lifecycle.TestMissionLifecycle" name="test_dynamic_workforce" time="0.000" /><testcase classname="tests.test_mission_lifecycle.TestMissionLifecycle" name="test_task_dag" time="0.000" /><testcase classname="tests.test_mission_lifecycle.TestMissionLifecycle" name="test_events_ordered" time="0.000" /><testcase classname="tests.test_mission_lifecycle.TestMissionLifecycle" name="test_deterministic_recovery" time="0.000" /><testcase classname="tests.test_mission_lifecycle.TestMissionLifecycle" name="test_parallel_execution" time="0.000" /><testcase classname="tests.test_mission_lifecycle.TestMissionLifecycle" name="test_artifact" time="0.000" /><testcase classname="tests.test_mission_lifecycle.TestMissionLifecycle" name="test_mission_persisted_in_list" time="0.071" /><testcase classname="tests.test_mission_lifecycle.TestMissionLifecycle" name="test_credits_deducted" time="0.047"><failure message="AssertionError: credits_used=0 expected=26&#10;assert 0 == 26">tests/test_mission_lifecycle.py:104: in test_credits_deducted
    assert mission["mission"]["credits_used"] == expected, \
E   AssertionError: credits_used=0 expected=26
E   assert 0 == 26</failure></testcase><testcase classname="tests.test_iteration3.TestCredits" name="test_exhaustion_does_not_kill_mission" time="34.958"><failure message="AssertionError: {'id': '6c99b3bb-fa30-4c03-9a9d-3c840f31fc83', 'user_id': 'default-user', 'goal': 'Analyze a dataset and identify important trends.', 'title': 'Dataset Trend Analysis', ...}&#10;assert False is True&#10; +  where False = &lt;built-in method get of dict object at 0xfe634902e480&gt;('credits_exhausted')&#10; +    where &lt;built-in method get of dict object at 0xfe634902e480&gt; = {'id': '6c99b3bb-fa30-4c03-9a9d-3c840f31fc83', 'user_id': 'default-user', 'goal': 'Analyze a dataset and identify important trends.', 'title': 'Dataset Trend Analysis', ...}.get">tests/test_iteration3.py:129: in test_exhaustion_does_not_kill_mission
    assert m.get("credits_exhausted") is True, m
E   AssertionError: {'id': '6c99b3bb-fa30-4c03-9a9d-3c840f31fc83', 'user_id': 'default-user', 'goal': 'Analyze a dataset and identify important trends.', 'title': 'Dataset Trend Analysis', ...}
E   assert False is True
E    +  where False = &lt;built-in method get of dict object at 0xfe634902e480&gt;('credits_exhausted')
E    +    where &lt;built-in method get of dict object at 0xfe634902e480&gt; = {'id': '6c99b3bb-fa30-4c03-9a9d-3c840f31fc83', 'user_id': 'default-user', 'goal': 'Analyze a dataset and identify important trends.', 'title': 'Dataset Trend Analysis', ...}.get</failure></testcase><testcase classname="tests.test_iteration3.TestWorkerDetail" name="test_drilldown_shape_for_all_agents" time="39.854" /><testcase classname="tests.test_iteration3.TestWorkerDetail" name="test_specialist_workers_have_actions" time="0.163" /><testcase classname="tests.test_iteration3.TestWorkerDetail" name="test_reviewer_drilldown_is_populated" time="0.053"><failure message="AssertionError: reviewer 'Reviewer' has EMPTY actions (timeline=8)&#10;assert []">tests/test_iteration3.py:204: in test_reviewer_drilldown_is_populated
    assert s["actions"], f"reviewer '{rev['role']}' has EMPTY actions (timeline={len(s['timeline'])})"
E   AssertionError: reviewer 'Reviewer' has EMPTY actions (timeline=8)
E   assert []</failure></testcase><testcase classname="tests.test_iteration3.TestWorkerDetail" name="test_flagged_worker_has_recovery" time="0.055" /><testcase classname="tests.test_iteration3.TestWorkerDetail" name="test_unknown_worker_404" time="0.052" /><testcase classname="tests.test_billing_credits.TestCredits" name="test_fresh_user_has_10_credits_free_plan" time="0.164" /><testcase classname="tests.test_billing_credits.TestCredits" name="test_mission_submit_deducts_one_credit" time="0.171" /><testcase classname="tests.test_billing_credits.TestCredits" name="test_zero_credits_demo_mode_still_allows_mission" time="0.229" /><testcase classname="tests.test_billing_credits.TestCredits" name="test_mission_goal_too_short_rejected_and_no_credit_spent" time="0.208" /><testcase classname="tests.test_iteration3.TestCredits" name="test_new_mission_still_runs_at_zero_credits" time="47.188"><failure message="AssertionError: assert False is True&#10; +  where False = &lt;built-in method get of dict object at 0xfe634aa76fc0&gt;('credits_exhausted')&#10; +    where &lt;built-in method get of dict object at 0xfe634aa76fc0&gt; = {'id': '0d834053-235a-40cd-93d9-115b61418bf4', 'user_id': 'default-user', 'goal': 'Create a launch strategy for a new student-focused startup.', 'title': 'Student Startup Launch Strategy', ...}.get">tests/test_iteration3.py:147: in test_new_mission_still_runs_at_zero_credits
    assert m.get("credits_exhausted") is True
E   AssertionError: assert False is True
E    +  where False = &lt;built-in method get of dict object at 0xfe634aa76fc0&gt;('credits_exhausted')
E    +    where &lt;built-in method get of dict object at 0xfe634aa76fc0&gt; = {'id': '0d834053-235a-40cd-93d9-115b61418bf4', 'user_id': 'default-user', 'goal': 'Create a launch strategy for a new student-focused startup.', 'title': 'Student Startup Launch Strategy', ...}.get</failure></testcase><testcase classname="tests.test_dynamic_workforce.TestDynamicWorkforce" name="test_both_verified" time="46.020" /><testcase classname="tests.test_dynamic_workforce.TestDynamicWorkforce" name="test_roles_differ" time="0.000" /><testcase classname="tests.test_dynamic_workforce.TestDynamicWorkforce" name="test_each_has_recovery" time="0.000" /><testcase classname="tests.test_dynamic_workforce.TestDynamicWorkforce" name="test_each_has_artifact" time="0.000" /><testcase classname="tests.test_iteration3.TestLocalOrganizeMission" name="test_organize_with_recovery" time="6.560"><failure message="AssertionError: status=failed err=Workspace still not clean: ['README.txt']&#10;assert 'failed' == 'verified'&#10;  &#10;  - verified&#10;  + failed">tests/test_iteration3.py:386: in test_organize_with_recovery
    assert m["status"] == "verified", f"status={m['status']} err={m.get('error')}"
E   AssertionError: status=failed err=Workspace still not clean: ['README.txt']
E   assert 'failed' == 'verified'
E     
E     - verified
E     + failed</failure></testcase><testcase classname="tests.test_iteration3.TestCredits" name="test_renew_after_exhaustion" time="0.041"><failure message="assert 10 == 500">tests/test_iteration3.py:150: in test_renew_after_exhaustion
    assert _renew(client)["credits"] == STARTING_CREDITS
E   assert 10 == 500</failure></testcase><testcase classname="tests.test_iteration3.TestProjects" name="test_default_demo_project" time="0.041" /><testcase classname="tests.test_iteration3.TestProjects" name="test_project_missions_are_scoped" time="0.558" /><testcase classname="tests.test_iteration3.TestProjects" name="test_missions_query_filter" time="0.088" /><testcase classname="tests.test_iteration3.TestProjects" name="test_unknown_project_returns_empty" time="0.084" /><testcase classname="tests.test_iteration3.TestLocalMissionAtZeroCredits" name="test_real_files_still_created_without_credits" time="4.442" /><testcase classname="tests.test_iteration3.TestLocalOrganizeMission" name="test_rerun_is_idempotent" time="6.549"><failure message="AssertionError: re-run changed root files: ['.gitignore', 'README.md', 'README.txt', 'brief.txt', 'requirements.txt'] -&gt; ['.gitignore', 'README.md', 'requirements.txt']&#10;assert ['.gitignore'...irements.txt'] == ['.gitignore'...irements.txt']&#10;  &#10;  At index 2 diff: 'requirements.txt' != 'README.txt'&#10;  Right contains 2 more items, first extra item: 'brief.txt'&#10;  &#10;  Full diff:&#10;    [&#10;        '.gitignore',...&#10;  &#10;  ...Full output truncated (5 lines hidden), use '-vv' to show">tests/test_iteration3.py:403: in test_rerun_is_idempotent
    assert second == first, f"re-run changed root files: {first} -&gt; {second}"
E   AssertionError: re-run changed root files: ['.gitignore', 'README.md', 'README.txt', 'brief.txt', 'requirements.txt'] -&gt; ['.gitignore', 'README.md', 'requirements.txt']
E   assert ['.gitignore'...irements.txt'] == ['.gitignore'...irements.txt']
E     
E     At index 2 diff: 'requirements.txt' != 'README.txt'
E     Right contains 2 more items, first extra item: 'brief.txt'
E     
E     Full diff:
E       [
E           '.gitignore',...
E     
E     ...Full output truncated (5 lines hidden), use '-vv' to show</failure></testcase><testcase classname="tests.test_iteration3.TestSandbox" name="test_path_traversal_rejected" time="0.005" /><testcase classname="tests.test_iteration3" name="test_zz_renew_credits_for_demo" time="0.094"><failure message="assert 10 == 500">tests/test_iteration3.py:436: in test_zz_renew_credits_for_demo
    assert _renew(client)["credits"] == STARTING_CREDITS
E   assert 10 == 500</failure></testcase><testcase classname="tests.test_billing_credits.TestPlans" name="test_plans_shape_and_allowances" time="0.058" /><testcase classname="tests.test_local_runner.TestSandbox" name="test_path_traversal_rejected" time="0.006" /></testsuite></testsuites>