<?xml version="1.0" encoding="utf-8"?><testsuites name="pytest tests"><testsuite name="pytest" errors="0" failures="6" skipped="0" tests="35" time="48.826" timestamp="2026-08-29T22:07:26.707172+00:00" hostname="agent-env-9985dee0-dbd5-4026-a685-8d1e51c3d0fd"><testcase classname="tests.test_basics.TestBasics" name="test_health" time="0.353" /><testcase classname="tests.test_basics.TestBasics" name="test_examples" time="0.076" /><testcase classname="tests.test_basics.TestBasics" name="test_credits" time="0.091" /><testcase classname="tests.test_basics.TestBasics" name="test_safety_guard_blocks_unsafe_goal" time="0.072" /><testcase classname="tests.test_basics.TestBasics" name="test_short_goal_rejected" time="0.070" /><testcase classname="tests.test_basics.TestBasics" name="test_missing_goal_rejected" time="0.082" /><testcase classname="tests.test_basics.TestBasics" name="test_mission_not_found" time="0.070" /><testcase classname="tests.test_basics.TestBasics" name="test_list_missions" time="0.070" /><testcase classname="tests.test_basics.TestBasics" name="test_workforce_endpoint" time="0.096" /><testcase classname="tests.test_local_runner.TestRunnerSession" name="test_demo_session_connected" time="0.170" /><testcase classname="tests.test_local_runner.TestRunnerSession" name="test_unknown_session_404" time="0.059" /><testcase classname="tests.test_local_runner.TestRunnerSession" name="test_approve" time="0.093" /><testcase classname="tests.test_local_runner.TestRunnerSession" name="test_pair_creates_waiting_session" time="0.169" /><testcase classname="tests.test_local_runner.TestRunnerSession" name="test_seed_demo_creates_real_files" time="0.109" /><testcase classname="tests.test_local_runner.TestRunnerSession" name="test_tree_endpoint" time="0.057" /><testcase classname="tests.test_local_runner.TestLocalMission" name="test_run_local_mission_to_verified" time="6.480"><failure message="AssertionError: assert 0 &gt; 0&#10; +  where 0 = &lt;built-in method get of dict object at 0xfad89c5f9600&gt;('credits_used', 0)&#10; +    where &lt;built-in method get of dict object at 0xfad89c5f9600&gt; = {'id': '82165ae9-2979-40f4-9c57-1273e7f05b2c', 'user_id': 'default-user', 'goal': 'Organize and prepare this project.', 'title': 'Organize &amp; Prepare Project', ...}.get">E   AssertionError: assert 0 &gt; 0
     +  where 0 = &lt;built-in method get of dict object at 0xfad89c5f9600&gt;('credits_used', 0)
     +    where &lt;built-in method get of dict object at 0xfad89c5f9600&gt; = {'id': '82165ae9-2979-40f4-9c57-1273e7f05b2c', 'user_id': 'default-user', 'goal': 'Organize and prepare this project.', 'title': 'Organize &amp; Prepare Project', ...}.get</failure></testcase><testcase classname="tests.test_local_runner.TestLocalMission" name="test_dynamic_filesystem_workforce" time="0.000"><failure message="AssertionError: mission test must run first&#10;assert {}">E   AssertionError: mission test must run first
    assert {}</failure></testcase><testcase classname="tests.test_local_runner.TestLocalMission" name="test_real_workspace_artifact" time="0.000"><failure message="AssertionError: no artifact&#10;assert None">E   AssertionError: no artifact
    assert None</failure></testcase><testcase classname="tests.test_local_runner.TestLocalMission" name="test_deterministic_recovery_events" time="0.000"><failure message="KeyError: 'events'">E   KeyError: 'events'</failure></testcase><testcase classname="tests.test_local_runner.TestLocalMission" name="test_workspace_clean_via_tree" time="0.058" /><testcase classname="tests.test_local_runner.TestLocalMission" name="test_local_mission_requires_approved_session" time="0.095" /><testcase classname="tests.test_mission_lifecycle.TestMissionLifecycle" name="test_reaches_verified" time="37.104" /><testcase classname="tests.test_mission_lifecycle.TestMissionLifecycle" name="test_dynamic_workforce" time="0.000" /><testcase classname="tests.test_mission_lifecycle.TestMissionLifecycle" name="test_task_dag" time="0.000" /><testcase classname="tests.test_mission_lifecycle.TestMissionLifecycle" name="test_events_ordered" time="0.000"><failure message="AssertionError: missing event TASK_STARTED&#10;assert 'TASK_STARTED' in ['MISSION_CREATED', 'WORKFORCE_ASSEMBLING', 'AGENT_JOINED', 'AGENT_JOINED', 'AGENT_JOINED', 'AGENT_JOINED', ...]">E   AssertionError: missing event TASK_STARTED
    assert 'TASK_STARTED' in ['MISSION_CREATED', 'WORKFORCE_ASSEMBLING', 'AGENT_JOINED', 'AGENT_JOINED', 'AGENT_JOINED', 'AGENT_JOINED', ...]</failure></testcase><testcase classname="tests.test_mission_lifecycle.TestMissionLifecycle" name="test_deterministic_recovery" time="0.000" /><testcase classname="tests.test_mission_lifecycle.TestMissionLifecycle" name="test_parallel_execution" time="0.000" /><testcase classname="tests.test_mission_lifecycle.TestMissionLifecycle" name="test_artifact" time="0.000" /><testcase classname="tests.test_mission_lifecycle.TestMissionLifecycle" name="test_mission_persisted_in_list" time="0.052" /><testcase classname="tests.test_mission_lifecycle.TestMissionLifecycle" name="test_credits_deducted" time="0.051"><failure message="AssertionError: assert 26 == ((5 * 3) + 6)&#10; +  where 5 = len([{'id': 'a9dc300a-194a-45d1-b40a-71728636f152', 'mission_id': '42113008-3205-4d2a-89e4-ec96e6e33c2d', 'key': 't1', 'ti...': '42113008-3205-4d2a-89e4-ec96e6e33c2d', 'key': 't5', 'title': 'Campaign performance planning and KPI mapping', ...}])">E   AssertionError: assert 26 == ((5 * 3) + 6)
     +  where 5 = len([{'id': 'a9dc300a-194a-45d1-b40a-71728636f152', 'mission_id': '42113008-3205-4d2a-89e4-ec96e6e33c2d', 'key': 't1', 'ti...': '42113008-3205-4d2a-89e4-ec96e6e33c2d', 'key': 't5', 'title': 'Campaign performance planning and KPI mapping', ...}])</failure></testcase><testcase classname="tests.test_local_runner.TestSandbox" name="test_path_traversal_rejected" time="0.002" /><testcase classname="tests.test_dynamic_workforce.TestDynamicWorkforce" name="test_both_verified" time="40.047" /><testcase classname="tests.test_dynamic_workforce.TestDynamicWorkforce" name="test_roles_differ" time="0.000" /><testcase classname="tests.test_dynamic_workforce.TestDynamicWorkforce" name="test_each_has_recovery" time="0.000" /><testcase classname="tests.test_dynamic_workforce.TestDynamicWorkforce" name="test_each_has_artifact" time="0.000" /></testsuite></testsuites>